<?xml version="1.0" encoding="UTF-8"?>
<testng-results ignored="0" total="1" passed="1" failed="0" skipped="0">
  <reporter-output>
  </reporter-output>
  <suite started-at="2023-09-16T13:13:19 CDT" name="Default suite" finished-at="2023-09-16T13:13:27 CDT" duration-ms="7312">
    <groups>
    </groups>
    <test started-at="2023-09-16T13:13:19 CDT" name="Default test" finished-at="2023-09-16T13:13:27 CDT" duration-ms="7312">
      <class name="com.inetBanking.testCases.TC_LoginTest_001">
        <test-method is-config="true" signature="SetUp()[pri:0, instance:com.inetBanking.testCases.TC_LoginTest_001@793f29ff]" started-at="2023-09-16T13:13:19 CDT" name="SetUp" finished-at="2023-09-16T13:13:23 CDT" duration-ms="3514" status="PASS">
          <reporter-output>
          </reporter-output>
        </test-method> <!-- SetUp -->
        <test-method signature="loginTest()[pri:0, instance:com.inetBanking.testCases.TC_LoginTest_001@793f29ff]" started-at="2023-09-16T13:13:23 CDT" name="loginTest" finished-at="2023-09-16T13:13:26 CDT" duration-ms="2992" status="PASS">
          <reporter-output>
          </reporter-output>
        </test-method> <!-- loginTest -->
        <test-method is-config="true" signature="tearDown()[pri:0, instance:com.inetBanking.testCases.TC_LoginTest_001@793f29ff]" started-at="2023-09-16T13:13:26 CDT" name="tearDown" finished-at="2023-09-16T13:13:27 CDT" duration-ms="638" status="PASS">
          <reporter-output>
          </reporter-output>
        </test-method> <!-- tearDown -->
      </class> <!-- com.inetBanking.testCases.TC_LoginTest_001 -->
    </test> <!-- Default test -->
  </suite> <!-- Default suite -->
</testng-results>
